<?xml version="1.0" encoding="UTF-8"?>
<!-- Generated by org.testng.reporters.JUnitReportReporter -->
<testsuite skipped="1" hostname="caad-PC" name="com.dataviss.www.property" tests="1" failures="0" timestamp="09 八月 2017 02:38:23 GMT" time="0.000" errors="0">
  <testcase name="resident" time="0.000" classname="com.dataviss.www.property">
    <skipped/>
  </testcase> <!-- resident -->
</testsuite> <!-- com.dataviss.www.property -->
