<?xml version="1.0" encoding="UTF-8"?>
<!-- Generated by org.testng.reporters.JUnitReportReporter -->
<testsuite skipped="2" hostname="caad-PC" name="com.dataviss.www.samplepoint" tests="2" failures="0" timestamp="09 八月 2017 02:38:23 GMT" time="0.000" errors="0">
  <testcase name="residentsample" time="0.000" classname="com.dataviss.www.samplepoint">
    <skipped/>
  </testcase> <!-- residentsample -->
  <testcase name="officesample" time="0.000" classname="com.dataviss.www.samplepoint">
    <skipped/>
  </testcase> <!-- officesample -->
</testsuite> <!-- com.dataviss.www.samplepoint -->
