<?xml version="1.0" encoding="UTF-8"?>
<!-- Generated by org.testng.reporters.JUnitReportReporter -->
<testsuite skipped="0" hostname="caad-PC" name="com.dataviss.www.Residentsample" tests="1" failures="0" timestamp="04 八月 2017 06:45:26 GMT" time="56.062" errors="0">
  <testcase name="f" time="56.062" classname="com.dataviss.www.Residentsample"/>
</testsuite> <!-- com.dataviss.www.Residentsample -->
