<?xml version="1.0" encoding="UTF-8"?>
<!-- Generated by org.testng.reporters.JUnitReportReporter -->
<testsuite skipped="0" hostname="caad-PC" name="dataviss.samplepoint" tests="2" failures="0" timestamp="09 八月 2017 03:41:17 GMT" time="46.771" errors="0">
  <testcase name="residentsample" time="23.006" classname="dataviss.samplepoint"/>
  <testcase name="officesample" time="23.765" classname="dataviss.samplepoint"/>
</testsuite> <!-- dataviss.samplepoint -->
