<?xml version="1.0" encoding="UTF-8"?>
<!-- Generated by org.testng.reporters.JUnitReportReporter -->
<testsuite skipped="1" hostname="caad-PC" name="com.demo.qa.until.NewTest" tests="1" failures="0" timestamp="09 八月 2017 02:38:23 GMT" time="0.000" errors="0">
  <testcase name="f" time="0.000" classname="com.demo.qa.until.NewTest">
    <skipped/>
  </testcase> <!-- f -->
</testsuite> <!-- com.demo.qa.until.NewTest -->
