<?xml version="1.0" encoding="UTF-8"?>
<!-- Generated by org.testng.reporters.JUnitReportReporter -->
<testsuite skipped="0" hostname="caad-PC" name="com.samplepoint.Officesample" tests="1" failures="0" timestamp="03 八月 2017 09:05:03 GMT" time="52.361" errors="0">
  <testcase name="f" time="52.361" classname="com.samplepoint.Officesample"/>
</testsuite> <!-- com.samplepoint.Officesample -->
